Using pre-set license
Built from '2022.3/staging' branch; Version is '2022.3.19f1 (244b723c30a6) revision 2378610'; Using compiler version '192829333'; Build Type 'Release'
OS: 'Windows 11  (10.0.22631) 64bit Core' Language: 'en' Physical Memory: 31864 MB
BatchMode: 1, IsHumanControllingUs: 0, StartBugReporterOnCrash: 0, Is64bit: 1, IsPro: 1

COMMAND LINE ARGUMENTS:
D:\2022.3.19f1\Editor\Unity.exe
-adb2
-batchMode
-noUpm
-name
AssetImportWorker1
-projectPath
C:/Users/Bryces Desktop/Documents/GitHub/GameDesignTifa/GameDesignTifa
-logFile
Logs/AssetImportWorker1.log
-srvPort
53830
Successfully changed project path to: C:/Users/Bryces Desktop/Documents/GitHub/GameDesignTifa/GameDesignTifa
C:/Users/Bryces Desktop/Documents/GitHub/GameDesignTifa/GameDesignTifa
[UnityMemory] Configuration Parameters - Can be set up in boot.config
    "memorysetup-bucket-allocator-granularity=16"
    "memorysetup-bucket-allocator-bucket-count=8"
    "memorysetup-bucket-allocator-block-size=33554432"
    "memorysetup-bucket-allocator-block-count=8"
    "memorysetup-main-allocator-block-size=16777216"
    "memorysetup-thread-allocator-block-size=16777216"
    "memorysetup-gfx-main-allocator-block-size=16777216"
    "memorysetup-gfx-thread-allocator-block-size=16777216"
    "memorysetup-cache-allocator-block-size=4194304"
    "memorysetup-typetree-allocator-block-size=2097152"
    "memorysetup-profiler-bucket-allocator-granularity=16"
    "memorysetup-profiler-bucket-allocator-bucket-count=8"
    "memorysetup-profiler-bucket-allocator-block-size=33554432"
    "memorysetup-profiler-bucket-allocator-block-count=8"
    "memorysetup-profiler-allocator-block-size=16777216"
    "memorysetup-profiler-editor-allocator-block-size=1048576"
    "memorysetup-temp-allocator-size-main=16777216"
    "memorysetup-job-temp-allocator-block-size=2097152"
    "memorysetup-job-temp-allocator-block-size-background=1048576"
    "memorysetup-job-temp-allocator-reduction-small-platforms=262144"
    "memorysetup-allocator-temp-initial-block-size-main=262144"
    "memorysetup-allocator-temp-initial-block-size-worker=262144"
    "memorysetup-temp-allocator-size-background-worker=32768"
    "memorysetup-temp-allocator-size-job-worker=262144"
    "memorysetup-temp-allocator-size-preload-manager=33554432"
    "memorysetup-temp-allocator-size-nav-mesh-worker=65536"
    "memorysetup-temp-allocator-size-audio-worker=65536"
    "memorysetup-temp-allocator-size-cloud-worker=32768"
    "memorysetup-temp-allocator-size-gi-baking-worker=262144"
    "memorysetup-temp-allocator-size-gfx=262144"
Player connection [28952] Host "[IP] 192.168.56.1 [Port] 0 [Flags] 2 [Guid] 4112522451 [EditorId] 4112522451 [Version] 1048832 [Id] WindowsEditor(7,Joe-Mama) [Debug] 1 [PackageName] WindowsEditor [ProjectName] Editor" joined multi-casting on [225.0.0.222:54997]...

Player connection [28952] Host "[IP] 192.168.56.1 [Port] 0 [Flags] 2 [Guid] 4112522451 [EditorId] 4112522451 [Version] 1048832 [Id] WindowsEditor(7,Joe-Mama) [Debug] 1 [PackageName] WindowsEditor [ProjectName] Editor" joined alternative multi-casting on [225.0.0.222:34997]...

[Physics::Module] Initialized MultithreadedJobDispatcher with 11 workers.
Refreshing native plugins compatible for Editor in 5.42 ms, found 3 plugins.
Preloading 0 native plugins for Editor in 0.00 ms.
Initialize engine version: 2022.3.19f1 (244b723c30a6)
[Subsystems] Discovering subsystems at path D:/2022.3.19f1/Editor/Data/Resources/UnitySubsystems
[Subsystems] Discovering subsystems at path C:/Users/Bryces Desktop/Documents/GitHub/GameDesignTifa/GameDesignTifa/Assets
GfxDevice: creating device client; threaded=0; jobified=0
Direct3D:
    Version:  Direct3D 11.0 [level 11.1]
    Renderer: NVIDIA GeForce RTX 4070 (ID=0x2786)
    Vendor:   NVIDIA
    VRAM:     12012 MB
    Driver:   31.0.15.5161
Initialize mono
Mono path[0] = 'D:/2022.3.19f1/Editor/Data/Managed'
Mono path[1] = 'D:/2022.3.19f1/Editor/Data/MonoBleedingEdge/lib/mono/unityjit-win32'
Mono config path = 'D:/2022.3.19f1/Editor/Data/MonoBleedingEdge/etc'
Using monoOptions --debugger-agent=transport=dt_socket,embedding=1,server=y,suspend=n,address=127.0.0.1:56464
Begin MonoManager ReloadAssembly
Registering precompiled unity dll's ...
Register platform support module: D:/2022.3.19f1/Editor/Data/PlaybackEngines/WebGLSupport/UnityEditor.WebGL.Extensions.dll
Register platform support module: D:/2022.3.19f1/Editor/Data/PlaybackEngines/WindowsStandaloneSupport/UnityEditor.WindowsStandalone.Extensions.dll
Registered in 0.002057 seconds.
- Loaded All Assemblies, in  0.195 seconds
Native extension for WindowsStandalone target not found
Native extension for WebGL target not found
Mono: successfully reloaded assembly
- Finished resetting the current domain, in  0.150 seconds
Domain Reload Profiling: 345ms
	BeginReloadAssembly (59ms)
		ExecutionOrderSort (0ms)
		DisableScriptedObjects (0ms)
		BackupInstance (0ms)
		ReleaseScriptingObjects (0ms)
		CreateAndSetChildDomain (1ms)
	RebuildCommonClasses (19ms)
	RebuildNativeTypeToScriptingClass (6ms)
	initialDomainReloadingComplete (28ms)
	LoadAllAssembliesAndSetupDomain (82ms)
		LoadAssemblies (59ms)
		RebuildTransferFunctionScriptingTraits (0ms)
		AnalyzeDomain (81ms)
			TypeCache.Refresh (80ms)
				TypeCache.ScanAssembly (72ms)
			ScanForSourceGeneratedMonoScriptInfo (0ms)
			ResolveRequiredComponents (0ms)
	FinalizeReload (150ms)
		ReleaseScriptCaches (0ms)
		RebuildScriptCaches (0ms)
		SetupLoadedEditorAssemblies (116ms)
			LogAssemblyErrors (0ms)
			InitializePlatformSupportModulesInManaged (4ms)
			SetLoadedEditorAssemblies (3ms)
			RefreshPlugins (0ms)
			BeforeProcessingInitializeOnLoad (1ms)
			ProcessInitializeOnLoadAttributes (82ms)
			ProcessInitializeOnLoadMethodAttributes (26ms)
			AfterProcessingInitializeOnLoad (0ms)
			EditorAssembliesLoaded (0ms)
		ExecutionOrderSort2 (0ms)
		AwakeInstancesAfterBackupRestoration (0ms)
========================================================================
Worker process is ready to serve import requests
Begin MonoManager ReloadAssembly
- Loaded All Assemblies, in  0.348 seconds
Refreshing native plugins compatible for Editor in 1.89 ms, found 3 plugins.
Native extension for WindowsStandalone target not found
Native extension for WebGL target not found
Package Manager log level set to [2]
[Package Manager] Server::EnsureServerProcessIsRunning -- launch failed, reason: Unity was launched with the -noUpm command-line argument
[Package Manager] UpmClient::Send -- Unable to send message (not connected to UPM process).
[Package Manager] Cannot connect to Unity Package Manager local server
Mono: successfully reloaded assembly
- Finished resetting the current domain, in  0.314 seconds
Domain Reload Profiling: 662ms
	BeginReloadAssembly (86ms)
		ExecutionOrderSort (0ms)
		DisableScriptedObjects (3ms)
		BackupInstance (0ms)
		ReleaseScriptingObjects (0ms)
		CreateAndSetChildDomain (15ms)
	RebuildCommonClasses (18ms)
	RebuildNativeTypeToScriptingClass (6ms)
	initialDomainReloadingComplete (20ms)
	LoadAllAssembliesAndSetupDomain (217ms)
		LoadAssemblies (162ms)
		RebuildTransferFunctionScriptingTraits (0ms)
		AnalyzeDomain (100ms)
			TypeCache.Refresh (85ms)
				TypeCache.ScanAssembly (77ms)
			ScanForSourceGeneratedMonoScriptInfo (11ms)
			ResolveRequiredComponents (3ms)
	FinalizeReload (315ms)
		ReleaseScriptCaches (0ms)
		RebuildScriptCaches (0ms)
		SetupLoadedEditorAssemblies (235ms)
			LogAssemblyErrors (0ms)
			InitializePlatformSupportModulesInManaged (3ms)
			SetLoadedEditorAssemblies (2ms)
			RefreshPlugins (0ms)
			BeforeProcessingInitializeOnLoad (32ms)
			ProcessInitializeOnLoadAttributes (184ms)
			ProcessInitializeOnLoadMethodAttributes (12ms)
			AfterProcessingInitializeOnLoad (1ms)
			EditorAssembliesLoaded (0ms)
		ExecutionOrderSort2 (0ms)
		AwakeInstancesAfterBackupRestoration (4ms)
Launched and connected shader compiler UnityShaderCompiler.exe after 0.02 seconds
Refreshing native plugins compatible for Editor in 1.99 ms, found 3 plugins.
Preloading 0 native plugins for Editor in 0.00 ms.
Unloading 3565 Unused Serialized files (Serialized files now loaded: 0)
Unloading 56 unused Assets / (1.8 MB). Loaded Objects now: 4010.
Memory consumption went from 145.8 MB to 144.0 MB.
Total: 2.728300 ms (FindLiveObjects: 0.239700 ms CreateObjectMapping: 0.046900 ms MarkObjects: 1.843600 ms  DeleteObjects: 0.597600 ms)

AssetImportParameters requested are different than current active one (requested -> active):
  custom:container-demuxer-ogg: 62fdf1f143b41e24485cea50d1cbac27 -> 
  custom:video-codec-MediaFoundation-h265: e54d7ab0439102e2317fc1e4b246158d -> 
  custom:video-decoder-ogg-theora: a1e56fd34408186e4bbccfd4996cb3dc -> 
  custom:framework-win-MediaFoundation: 216162199b28c13a410421893ffa2e32 -> 
  custom:CustomObjectIndexerAttribute: 6d391050e5a25f67b0a2c618074f2cd9 -> 
  custom:container-demuxer-webm: 4f35f7cbe854078d1ac9338744f61a02 -> 
  custom:container-muxer-webm: aa71ff27fc2769a1b78a27578f13a17b -> 
  custom:video-decoder-webm-vp8: 9c59270c3fd7afecdb556c50c9e8de78 -> 
  custom:SearchIndexIgnoredProperties: e643bd26f0fe6173181afceb89e7c659 -> 
  custom:AudioImporter_EditorPlatform: d09bf68614088b80899f8185d706f6e7 -> 
  custom:video-encoder-webm-vp8: eb34c28f22e8b96e1ab97ce403110664 -> 
  custom:audio-decoder-ogg-vorbis: bf7c407c2cedff20999df2af8eb42d56 -> 
  custom:audio-encoder-webm-vorbis: bf7c407c2cedff20999df2af8eb42d56 -> 
========================================================================
Received Import Request.
  Time since last request: 7383.902724 seconds.
  path: Assets/_GameDesignTifa/FBX/ItemRack_Full.fbx
  artifactKey: Guid(b0de67673dbde3849a803e2df135cb71) Importer(815301076,1909f56bfc062723c751e8b465ee728b)
Start importing Assets/_GameDesignTifa/FBX/ItemRack_Full.fbx using Guid(b0de67673dbde3849a803e2df135cb71) Importer(815301076,1909f56bfc062723c751e8b465ee728b)  -> (artifact id: '5c27e09436482b2216a5333118851db5') in 0.119518 seconds
Number of updated asset objects reloaded before import = 0
Number of asset objects unloaded after import = 8
========================================================================
Received Import Request.
  Time since last request: 0.000015 seconds.
  path: Assets/_GameDesignTifa/FBX/ItemRack_Short.fbx
  artifactKey: Guid(880733d912a4baa489491efeabb90554) Importer(815301076,1909f56bfc062723c751e8b465ee728b)
Start importing Assets/_GameDesignTifa/FBX/ItemRack_Short.fbx using Guid(880733d912a4baa489491efeabb90554) Importer(815301076,1909f56bfc062723c751e8b465ee728b)  -> (artifact id: '1a1774e827b418e5b370acdf5b3b9293') in 0.033641 seconds
Number of updated asset objects reloaded before import = 0
Number of asset objects unloaded after import = 8
========================================================================
Received Import Request.
  Time since last request: 0.000018 seconds.
  path: Assets/_GameDesignTifa/FBX/StorageRack_Wide.fbx
  artifactKey: Guid(ad3dbe2569658ad4380c853ff3be8a70) Importer(815301076,1909f56bfc062723c751e8b465ee728b)
Start importing Assets/_GameDesignTifa/FBX/StorageRack_Wide.fbx using Guid(ad3dbe2569658ad4380c853ff3be8a70) Importer(815301076,1909f56bfc062723c751e8b465ee728b)  -> (artifact id: '44a3668be7ca8152de1968a6eb5a49f6') in 0.030875 seconds
Number of updated asset objects reloaded before import = 0
Number of asset objects unloaded after import = 8
========================================================================
Received Import Request.
  Time since last request: 0.000011 seconds.
  path: Assets/_GameDesignTifa/FBX/StorageRack_Short.fbx
  artifactKey: Guid(88185acea1da4b741afe7d300d070d66) Importer(815301076,1909f56bfc062723c751e8b465ee728b)
Start importing Assets/_GameDesignTifa/FBX/StorageRack_Short.fbx using Guid(88185acea1da4b741afe7d300d070d66) Importer(815301076,1909f56bfc062723c751e8b465ee728b)  -> (artifact id: '3826630226cdb218050196ae6e30f80c') in 0.020737 seconds
Number of updated asset objects reloaded before import = 0
Number of asset objects unloaded after import = 8
========================================================================
Received Import Request.
  Time since last request: 0.000012 seconds.
  path: Assets/_GameDesignTifa/FBX/NpcCat.fbx
  artifactKey: Guid(86a6c8046ba9b45469768aa03b8dd3ef) Importer(815301076,1909f56bfc062723c751e8b465ee728b)
Start importing Assets/_GameDesignTifa/FBX/NpcCat.fbx using Guid(86a6c8046ba9b45469768aa03b8dd3ef) Importer(815301076,1909f56bfc062723c751e8b465ee728b)  -> (artifact id: 'ab7aeb48aebacc7989221a8505463fe6') in 0.068204 seconds
Number of updated asset objects reloaded before import = 0
Number of asset objects unloaded after import = 81
========================================================================
Received Import Request.
  Time since last request: 1.185383 seconds.
  path: Assets/_GameDesignTifa/FBX/Map/Corner.fbx
  artifactKey: Guid(7a2c5c46a89ccb5459fe5215ff487b93) Importer(815301076,1909f56bfc062723c751e8b465ee728b)
Start importing Assets/_GameDesignTifa/FBX/Map/Corner.fbx using Guid(7a2c5c46a89ccb5459fe5215ff487b93) Importer(815301076,1909f56bfc062723c751e8b465ee728b)  -> (artifact id: 'fced7cc0befe10f906abd769ddec0a4d') in 0.013218 seconds
Number of updated asset objects reloaded before import = 0
Number of asset objects unloaded after import = 11
========================================================================
Received Import Request.
  Time since last request: 0.000018 seconds.
  path: Assets/_GameDesignTifa/FBX/Map/OutsideSidewalk1.fbx
  artifactKey: Guid(1b5676c4864b6134f8f44a0374c2e869) Importer(815301076,1909f56bfc062723c751e8b465ee728b)
Start importing Assets/_GameDesignTifa/FBX/Map/OutsideSidewalk1.fbx using Guid(1b5676c4864b6134f8f44a0374c2e869) Importer(815301076,1909f56bfc062723c751e8b465ee728b)  -> (artifact id: 'ea1e5cbe40a70030574d2eb191f9c094') in 0.011006 seconds
Number of updated asset objects reloaded before import = 0
Number of asset objects unloaded after import = 8
========================================================================
Received Import Request.
  Time since last request: 0.000011 seconds.
  path: Assets/_GameDesignTifa/FBX/Map/Glass.mat
  artifactKey: Guid(c0d3f274ab753b04b93daab1038b4611) Importer(815301076,1909f56bfc062723c751e8b465ee728b)
Start importing Assets/_GameDesignTifa/FBX/Map/Glass.mat using Guid(c0d3f274ab753b04b93daab1038b4611) Importer(815301076,1909f56bfc062723c751e8b465ee728b)  -> (artifact id: '0e34043d0a8615dc45e5065dff8e1ff7') in 0.010149 seconds
Number of updated asset objects reloaded before import = 0
Number of asset objects unloaded after import = 1
========================================================================
Received Import Request.
  Time since last request: 0.000012 seconds.
  path: Assets/_GameDesignTifa/FBX/Map/Storage Room.prefab
  artifactKey: Guid(3fe9e80bb32a23f44a3903bbc0cf9843) Importer(815301076,1909f56bfc062723c751e8b465ee728b)
Start importing Assets/_GameDesignTifa/FBX/Map/Storage Room.prefab using Guid(3fe9e80bb32a23f44a3903bbc0cf9843) Importer(815301076,1909f56bfc062723c751e8b465ee728b)  -> (artifact id: 'e86ef296456e4a1997a3d7eb241802d4') in 0.004060 seconds
Number of updated asset objects reloaded before import = 0
Number of asset objects unloaded after import = 15
========================================================================
Received Import Request.
  Time since last request: 0.000010 seconds.
  path: Assets/_GameDesignTifa/FBX/Map/Wall3.fbx
  artifactKey: Guid(f67eeb1f45e565c4aa7af383b32c859e) Importer(815301076,1909f56bfc062723c751e8b465ee728b)
Start importing Assets/_GameDesignTifa/FBX/Map/Wall3.fbx using Guid(f67eeb1f45e565c4aa7af383b32c859e) Importer(815301076,1909f56bfc062723c751e8b465ee728b)  -> (artifact id: '81a88acfcac14869f0cab255e198d32f') in 0.010170 seconds
Number of updated asset objects reloaded before import = 0
Number of asset objects unloaded after import = 11
========================================================================
Received Import Request.
  Time since last request: 0.000014 seconds.
  path: Assets/_GameDesignTifa/FBX/Map/Corner2.fbx
  artifactKey: Guid(0b8654bb93e8c4a4a840e794f002d82e) Importer(815301076,1909f56bfc062723c751e8b465ee728b)
Start importing Assets/_GameDesignTifa/FBX/Map/Corner2.fbx using Guid(0b8654bb93e8c4a4a840e794f002d82e) Importer(815301076,1909f56bfc062723c751e8b465ee728b)  -> (artifact id: '74987af0b097ccdbb9389bf34c974b05') in 0.010848 seconds
Number of updated asset objects reloaded before import = 0
Number of asset objects unloaded after import = 11
========================================================================
Received Import Request.
  Time since last request: 0.000012 seconds.
  path: Assets/_GameDesignTifa/FBX/Map/Wall1.fbx
  artifactKey: Guid(fc84a47629a1809419450939248ba459) Importer(815301076,1909f56bfc062723c751e8b465ee728b)
Start importing Assets/_GameDesignTifa/FBX/Map/Wall1.fbx using Guid(fc84a47629a1809419450939248ba459) Importer(815301076,1909f56bfc062723c751e8b465ee728b)  -> (artifact id: '94ca808a01c9265630e775816e56bbcb') in 0.011308 seconds
Number of updated asset objects reloaded before import = 0
Number of asset objects unloaded after import = 11
========================================================================
Received Import Request.
  Time since last request: 0.000013 seconds.
  path: Assets/_GameDesignTifa/FBX/Map/CornerBackDoor.fbx
  artifactKey: Guid(51b302d826ac1e7448654fbe95c53a4f) Importer(815301076,1909f56bfc062723c751e8b465ee728b)
Start importing Assets/_GameDesignTifa/FBX/Map/CornerBackDoor.fbx using Guid(51b302d826ac1e7448654fbe95c53a4f) Importer(815301076,1909f56bfc062723c751e8b465ee728b)  -> (artifact id: 'ad424cd8d8c13e7df43b89c3f944b286') in 0.011306 seconds
Number of updated asset objects reloaded before import = 0
Number of asset objects unloaded after import = 11
========================================================================
Received Import Request.
  Time since last request: 0.000014 seconds.
  path: Assets/_GameDesignTifa/FBX/Map/CornerDoor.fbx
  artifactKey: Guid(59f8c68f35cca1547a95419aeec05be6) Importer(815301076,1909f56bfc062723c751e8b465ee728b)
Start importing Assets/_GameDesignTifa/FBX/Map/CornerDoor.fbx using Guid(59f8c68f35cca1547a95419aeec05be6) Importer(815301076,1909f56bfc062723c751e8b465ee728b)  -> (artifact id: '21e253b66d2340b358a05b68deb7eb04') in 0.023286 seconds
Number of updated asset objects reloaded before import = 0
Number of asset objects unloaded after import = 24
========================================================================
Received Import Request.
  Time since last request: 0.000018 seconds.
  path: Assets/_GameDesignTifa/FBX/Map/Corner4.fbx
  artifactKey: Guid(f06b599551184a04c9a65816f7a88d3b) Importer(815301076,1909f56bfc062723c751e8b465ee728b)
Start importing Assets/_GameDesignTifa/FBX/Map/Corner4.fbx using Guid(f06b599551184a04c9a65816f7a88d3b) Importer(815301076,1909f56bfc062723c751e8b465ee728b)  -> (artifact id: '88e2499f0f37c1f3598e95184dabf44e') in 0.014158 seconds
Number of updated asset objects reloaded before import = 0
Number of asset objects unloaded after import = 11
========================================================================
Received Import Request.
  Time since last request: 0.000024 seconds.
  path: Assets/_GameDesignTifa/FBX/Map/Wall4.fbx
  artifactKey: Guid(80bb1802c8368b54286765f88bf0bc88) Importer(815301076,1909f56bfc062723c751e8b465ee728b)
Start importing Assets/_GameDesignTifa/FBX/Map/Wall4.fbx using Guid(80bb1802c8368b54286765f88bf0bc88) Importer(815301076,1909f56bfc062723c751e8b465ee728b)  -> (artifact id: '230bf452a9c4aecc9330a8404bbe2c53') in 0.008980 seconds
Number of updated asset objects reloaded before import = 0
Number of asset objects unloaded after import = 11
========================================================================
Received Import Request.
  Time since last request: 0.000015 seconds.
  path: Assets/_GameDesignTifa/FBX/Map/Floor.mat
  artifactKey: Guid(7f822fc55f278c845b16251a4374a0f1) Importer(815301076,1909f56bfc062723c751e8b465ee728b)
Start importing Assets/_GameDesignTifa/FBX/Map/Floor.mat using Guid(7f822fc55f278c845b16251a4374a0f1) Importer(815301076,1909f56bfc062723c751e8b465ee728b)  -> (artifact id: 'eeb88af62514ac7988e33295e785e1fa') in 0.010576 seconds
Number of updated asset objects reloaded before import = 0
Number of asset objects unloaded after import = 1
========================================================================
Received Import Request.
  Time since last request: 0.000022 seconds.
  path: Assets/_GameDesignTifa/FBX/Map/OutsideRoad1.fbx
  artifactKey: Guid(09782e48abcefc44ab20825ea0080864) Importer(815301076,1909f56bfc062723c751e8b465ee728b)
Start importing Assets/_GameDesignTifa/FBX/Map/OutsideRoad1.fbx using Guid(09782e48abcefc44ab20825ea0080864) Importer(815301076,1909f56bfc062723c751e8b465ee728b)  -> (artifact id: 'f6a90bfa5c86afd8f8f58873b4ec41ae') in 0.012108 seconds
Number of updated asset objects reloaded before import = 0
Number of asset objects unloaded after import = 8
========================================================================
Received Import Request.
  Time since last request: 0.000499 seconds.
  path: Assets/_GameDesignTifa/FBX/Map/Wall.mat
  artifactKey: Guid(d1a07fc7bca6f61429101ae7cb93bb47) Importer(815301076,1909f56bfc062723c751e8b465ee728b)
Start importing Assets/_GameDesignTifa/FBX/Map/Wall.mat using Guid(d1a07fc7bca6f61429101ae7cb93bb47) Importer(815301076,1909f56bfc062723c751e8b465ee728b)  -> (artifact id: '7863649495c57a2b5aec486e13e5c85e') in 0.009595 seconds
Number of updated asset objects reloaded before import = 0
Number of asset objects unloaded after import = 2
Editor requested this worker to shutdown with reason: Scaling down because of idle timeout
TcpMessagingSession - receive error: operation aborted. errorcode: 995, details: The I/O operation has been aborted because of either a thread exit or an application request.
AssetImportWorker is now disconnected from the server
Process exiting
Exiting without the bug reporter. Application will terminate with return code 0