Using pre-set license
Built from '2022.3/staging' branch; Version is '2022.3.19f1 (244b723c30a6) revision 2378610'; Using compiler version '192829333'; Build Type 'Release'
OS: 'Windows 11  (10.0.22621) 64bit Core' Language: 'en' Physical Memory: 15731 MB
BatchMode: 1, IsHumanControllingUs: 0, StartBugReporterOnCrash: 0, Is64bit: 1, IsPro: 1

COMMAND LINE ARGUMENTS:
C:\Program Files\Unity\Hub\Editor\2022.3.19f1\Editor\Unity.exe
-adb2
-batchMode
-noUpm
-name
AssetImportWorker3
-projectPath
C:/Users/gvina/OneDrive/Documents/GameDesignTifa/GameDesignTifa/GameDesignTifa
-logFile
Logs/AssetImportWorker3.log
-srvPort
63533
Successfully changed project path to: C:/Users/gvina/OneDrive/Documents/GameDesignTifa/GameDesignTifa/GameDesignTifa
C:/Users/gvina/OneDrive/Documents/GameDesignTifa/GameDesignTifa/GameDesignTifa
[UnityMemory] Configuration Parameters - Can be set up in boot.config
    "memorysetup-bucket-allocator-granularity=16"
    "memorysetup-bucket-allocator-bucket-count=8"
    "memorysetup-bucket-allocator-block-size=33554432"
    "memorysetup-bucket-allocator-block-count=8"
    "memorysetup-main-allocator-block-size=16777216"
    "memorysetup-thread-allocator-block-size=16777216"
    "memorysetup-gfx-main-allocator-block-size=16777216"
    "memorysetup-gfx-thread-allocator-block-size=16777216"
    "memorysetup-cache-allocator-block-size=4194304"
    "memorysetup-typetree-allocator-block-size=2097152"
    "memorysetup-profiler-bucket-allocator-granularity=16"
    "memorysetup-profiler-bucket-allocator-bucket-count=8"
    "memorysetup-profiler-bucket-allocator-block-size=33554432"
    "memorysetup-profiler-bucket-allocator-block-count=8"
    "memorysetup-profiler-allocator-block-size=16777216"
    "memorysetup-profiler-editor-allocator-block-size=1048576"
    "memorysetup-temp-allocator-size-main=16777216"
    "memorysetup-job-temp-allocator-block-size=2097152"
    "memorysetup-job-temp-allocator-block-size-background=1048576"
    "memorysetup-job-temp-allocator-reduction-small-platforms=262144"
    "memorysetup-allocator-temp-initial-block-size-main=262144"
    "memorysetup-allocator-temp-initial-block-size-worker=262144"
    "memorysetup-temp-allocator-size-background-worker=32768"
    "memorysetup-temp-allocator-size-job-worker=262144"
    "memorysetup-temp-allocator-size-preload-manager=33554432"
    "memorysetup-temp-allocator-size-nav-mesh-worker=65536"
    "memorysetup-temp-allocator-size-audio-worker=65536"
    "memorysetup-temp-allocator-size-cloud-worker=32768"
    "memorysetup-temp-allocator-size-gi-baking-worker=262144"
    "memorysetup-temp-allocator-size-gfx=262144"
Player connection [28696] Host "[IP] 192.168.56.1 [Port] 0 [Flags] 2 [Guid] 2738075381 [EditorId] 2738075381 [Version] 1048832 [Id] WindowsEditor(7,GavinLaptop) [Debug] 1 [PackageName] WindowsEditor [ProjectName] Editor" joined multi-casting on [225.0.0.222:54997]...

Player connection [28696] Host "[IP] 192.168.56.1 [Port] 0 [Flags] 2 [Guid] 2738075381 [EditorId] 2738075381 [Version] 1048832 [Id] WindowsEditor(7,GavinLaptop) [Debug] 1 [PackageName] WindowsEditor [ProjectName] Editor" joined alternative multi-casting on [225.0.0.222:34997]...

[Physics::Module] Initialized MultithreadedJobDispatcher with 15 workers.
Refreshing native plugins compatible for Editor in 13.95 ms, found 3 plugins.
Preloading 0 native plugins for Editor in 0.00 ms.
Initialize engine version: 2022.3.19f1 (244b723c30a6)
[Subsystems] Discovering subsystems at path C:/Program Files/Unity/Hub/Editor/2022.3.19f1/Editor/Data/Resources/UnitySubsystems
[Subsystems] Discovering subsystems at path C:/Users/gvina/OneDrive/Documents/GameDesignTifa/GameDesignTifa/GameDesignTifa/Assets
GfxDevice: creating device client; threaded=0; jobified=0
Direct3D:
    Version:  Direct3D 11.0 [level 11.1]
    Renderer: NVIDIA GeForce GTX 1660 Ti (ID=0x2191)
    Vendor:   NVIDIA
    VRAM:     5966 MB
    Driver:   31.0.15.5123
Initialize mono
Mono path[0] = 'C:/Program Files/Unity/Hub/Editor/2022.3.19f1/Editor/Data/Managed'
Mono path[1] = 'C:/Program Files/Unity/Hub/Editor/2022.3.19f1/Editor/Data/MonoBleedingEdge/lib/mono/unityjit-win32'
Mono config path = 'C:/Program Files/Unity/Hub/Editor/2022.3.19f1/Editor/Data/MonoBleedingEdge/etc'
Using monoOptions --debugger-agent=transport=dt_socket,embedding=1,server=y,suspend=n,address=127.0.0.1:56524
Begin MonoManager ReloadAssembly
Registering precompiled unity dll's ...
Register platform support module: C:/Program Files/Unity/Hub/Editor/2022.3.19f1/Editor/Data/PlaybackEngines/WebGLSupport/UnityEditor.WebGL.Extensions.dll
Register platform support module: C:/Program Files/Unity/Hub/Editor/2022.3.19f1/Editor/Data/PlaybackEngines/AndroidPlayer/UnityEditor.Android.Extensions.dll
Register platform support module: C:/Program Files/Unity/Hub/Editor/2022.3.19f1/Editor/Data/PlaybackEngines/WindowsStandaloneSupport/UnityEditor.WindowsStandalone.Extensions.dll
Registered in 0.015414 seconds.
- Loaded All Assemblies, in  0.561 seconds
Native extension for WindowsStandalone target not found
Native extension for Android target not found
Android Extension - Scanning For ADB Devices 462 ms
Native extension for WebGL target not found
Mono: successfully reloaded assembly
- Finished resetting the current domain, in  1.052 seconds
Domain Reload Profiling: 1609ms
	BeginReloadAssembly (157ms)
		ExecutionOrderSort (0ms)
		DisableScriptedObjects (0ms)
		BackupInstance (0ms)
		ReleaseScriptingObjects (0ms)
		CreateAndSetChildDomain (1ms)
	RebuildCommonClasses (56ms)
	RebuildNativeTypeToScriptingClass (17ms)
	initialDomainReloadingComplete (94ms)
	LoadAllAssembliesAndSetupDomain (232ms)
		LoadAssemblies (154ms)
		RebuildTransferFunctionScriptingTraits (0ms)
		AnalyzeDomain (229ms)
			TypeCache.Refresh (227ms)
				TypeCache.ScanAssembly (202ms)
			ScanForSourceGeneratedMonoScriptInfo (1ms)
			ResolveRequiredComponents (1ms)
	FinalizeReload (1053ms)
		ReleaseScriptCaches (0ms)
		RebuildScriptCaches (0ms)
		SetupLoadedEditorAssemblies (941ms)
			LogAssemblyErrors (0ms)
			InitializePlatformSupportModulesInManaged (666ms)
			SetLoadedEditorAssemblies (7ms)
			RefreshPlugins (0ms)
			BeforeProcessingInitializeOnLoad (4ms)
			ProcessInitializeOnLoadAttributes (191ms)
			ProcessInitializeOnLoadMethodAttributes (73ms)
			AfterProcessingInitializeOnLoad (0ms)
			EditorAssembliesLoaded (0ms)
		ExecutionOrderSort2 (0ms)
		AwakeInstancesAfterBackupRestoration (0ms)
========================================================================
Worker process is ready to serve import requests
Begin MonoManager ReloadAssembly
- Loaded All Assemblies, in  1.077 seconds
Refreshing native plugins compatible for Editor in 4.88 ms, found 3 plugins.
Native extension for WindowsStandalone target not found
Native extension for Android target not found
Native extension for WebGL target not found
Package Manager log level set to [2]
[Package Manager] Server::EnsureServerProcessIsRunning -- launch failed, reason: Unity was launched with the -noUpm command-line argument
[Package Manager] UpmClient::Send -- Unable to send message (not connected to UPM process).
[Package Manager] Cannot connect to Unity Package Manager local server
Mono: successfully reloaded assembly
- Finished resetting the current domain, in  1.254 seconds
Domain Reload Profiling: 2326ms
	BeginReloadAssembly (266ms)
		ExecutionOrderSort (0ms)
		DisableScriptedObjects (10ms)
		BackupInstance (0ms)
		ReleaseScriptingObjects (0ms)
		CreateAndSetChildDomain (35ms)
	RebuildCommonClasses (55ms)
	RebuildNativeTypeToScriptingClass (18ms)
	initialDomainReloadingComplete (73ms)
	LoadAllAssembliesAndSetupDomain (659ms)
		LoadAssemblies (471ms)
		RebuildTransferFunctionScriptingTraits (0ms)
		AnalyzeDomain (323ms)
			TypeCache.Refresh (293ms)
				TypeCache.ScanAssembly (271ms)
			ScanForSourceGeneratedMonoScriptInfo (21ms)
			ResolveRequiredComponents (7ms)
	FinalizeReload (1255ms)
		ReleaseScriptCaches (0ms)
		RebuildScriptCaches (0ms)
		SetupLoadedEditorAssemblies (985ms)
			LogAssemblyErrors (0ms)
			InitializePlatformSupportModulesInManaged (40ms)
			SetLoadedEditorAssemblies (7ms)
			RefreshPlugins (0ms)
			BeforeProcessingInitializeOnLoad (102ms)
			ProcessInitializeOnLoadAttributes (792ms)
			ProcessInitializeOnLoadMethodAttributes (33ms)
			AfterProcessingInitializeOnLoad (11ms)
			EditorAssembliesLoaded (0ms)
		ExecutionOrderSort2 (0ms)
		AwakeInstancesAfterBackupRestoration (10ms)
Launched and connected shader compiler UnityShaderCompiler.exe after 0.07 seconds
Refreshing native plugins compatible for Editor in 5.30 ms, found 3 plugins.
Preloading 0 native plugins for Editor in 0.00 ms.
Unloading 3204 Unused Serialized files (Serialized files now loaded: 0)
Unloading 32 unused Assets / (57.2 KB). Loaded Objects now: 3671.
Memory consumption went from 135.5 MB to 135.5 MB.
Total: 6.295700 ms (FindLiveObjects: 0.401400 ms CreateObjectMapping: 0.377400 ms MarkObjects: 5.342700 ms  DeleteObjects: 0.172400 ms)

AssetImportParameters requested are different than current active one (requested -> active):
  custom:container-demuxer-ogg: 62fdf1f143b41e24485cea50d1cbac27 -> 
  custom:video-codec-MediaFoundation-h265: 746d11721c4dcdbdad8f713fa42b33f4 -> 
  custom:video-decoder-ogg-theora: a1e56fd34408186e4bbccfd4996cb3dc -> 
  custom:framework-win-MediaFoundation: 216162199b28c13a410421893ffa2e32 -> 
  custom:CustomObjectIndexerAttribute: 6d391050e5a25f67b0a2c618074f2cd9 -> 
  custom:container-demuxer-webm: 4f35f7cbe854078d1ac9338744f61a02 -> 
  custom:container-muxer-webm: aa71ff27fc2769a1b78a27578f13a17b -> 
  custom:video-decoder-webm-vp8: 9c59270c3fd7afecdb556c50c9e8de78 -> 
  custom:SearchIndexIgnoredProperties: e643bd26f0fe6173181afceb89e7c659 -> 
  custom:AudioImporter_EditorPlatform: d09bf68614088b80899f8185d706f6e7 -> 
  custom:video-encoder-webm-vp8: eb34c28f22e8b96e1ab97ce403110664 -> 
  custom:audio-decoder-ogg-vorbis: bf7c407c2cedff20999df2af8eb42d56 -> 
  custom:audio-encoder-webm-vorbis: bf7c407c2cedff20999df2af8eb42d56 -> 
========================================================================
Received Import Request.
  Time since last request: 58450.735944 seconds.
  path: Assets/_GameDesignTifa/Prefabs/Red Shelf.prefab
  artifactKey: Guid(0201d396b37f186488deb58983143b4f) Importer(815301076,1909f56bfc062723c751e8b465ee728b)
Start importing Assets/_GameDesignTifa/Prefabs/Red Shelf.prefab using Guid(0201d396b37f186488deb58983143b4f) Importer(815301076,1909f56bfc062723c751e8b465ee728b)  -> (artifact id: 'df5486602704276c63825f722289dbeb') in 0.149653 seconds
Number of updated asset objects reloaded before import = 0
Number of asset objects unloaded after import = 115
========================================================================
Received Import Request.
  Time since last request: 0.000052 seconds.
  path: Assets/BrokenVector/LowPolyStoragePack/Prefabs/Suitcase_02_Purple.prefab
  artifactKey: Guid(22362e7eebd4876428d832d6aa3e4ecc) Importer(815301076,1909f56bfc062723c751e8b465ee728b)
Start importing Assets/BrokenVector/LowPolyStoragePack/Prefabs/Suitcase_02_Purple.prefab using Guid(22362e7eebd4876428d832d6aa3e4ecc) Importer(815301076,1909f56bfc062723c751e8b465ee728b)  -> (artifact id: 'ff9d2b291a620682b36db8d32a902f09') in 0.288215 seconds
Number of updated asset objects reloaded before import = 0
Number of asset objects unloaded after import = 10
========================================================================
Received Import Request.
  Time since last request: 0.000039 seconds.
  path: Assets/_GameDesignTifa/FBX/Map/OutsideRoad1.fbx
  artifactKey: Guid(09782e48abcefc44ab20825ea0080864) Importer(815301076,1909f56bfc062723c751e8b465ee728b)
Start importing Assets/_GameDesignTifa/FBX/Map/OutsideRoad1.fbx using Guid(09782e48abcefc44ab20825ea0080864) Importer(815301076,1909f56bfc062723c751e8b465ee728b)  -> (artifact id: 'f6a90bfa5c86afd8f8f58873b4ec41ae') in 0.053976 seconds
Number of updated asset objects reloaded before import = 0
Number of asset objects unloaded after import = 8
========================================================================
Received Import Request.
  Time since last request: 0.000055 seconds.
  path: Assets/_GameDesignTifa/FBX/Map/OutsideSidewalk1.fbx
  artifactKey: Guid(1b5676c4864b6134f8f44a0374c2e869) Importer(815301076,1909f56bfc062723c751e8b465ee728b)
Start importing Assets/_GameDesignTifa/FBX/Map/OutsideSidewalk1.fbx using Guid(1b5676c4864b6134f8f44a0374c2e869) Importer(815301076,1909f56bfc062723c751e8b465ee728b)  -> (artifact id: 'ea1e5cbe40a70030574d2eb191f9c094') in 0.023107 seconds
Number of updated asset objects reloaded before import = 0
Number of asset objects unloaded after import = 8
========================================================================
Received Import Request.
  Time since last request: 0.000032 seconds.
  path: Assets/BrokenVector/LowPolyStoragePack/Prefabs/Suitcase_01_Green.prefab
  artifactKey: Guid(cc206acf3c629e549a79e89b26695245) Importer(815301076,1909f56bfc062723c751e8b465ee728b)
Start importing Assets/BrokenVector/LowPolyStoragePack/Prefabs/Suitcase_01_Green.prefab using Guid(cc206acf3c629e549a79e89b26695245) Importer(815301076,1909f56bfc062723c751e8b465ee728b)  -> (artifact id: '3d7e1ad49298884f8ba69b7295b33aa8') in 0.041819 seconds
Number of updated asset objects reloaded before import = 0
Number of asset objects unloaded after import = 10
========================================================================
Received Import Request.
  Time since last request: 0.000035 seconds.
  path: Assets/BrokenVector/LowPolyStoragePack/Models/StorageRack_02.dae
  artifactKey: Guid(7ba0b5a941909f2499cfeed8a6d6a591) Importer(815301076,1909f56bfc062723c751e8b465ee728b)
Start importing Assets/BrokenVector/LowPolyStoragePack/Models/StorageRack_02.dae using Guid(7ba0b5a941909f2499cfeed8a6d6a591) Importer(815301076,1909f56bfc062723c751e8b465ee728b)  -> (artifact id: '6413a6c12e3e0ecaaeedece692f0829d') in 0.161267 seconds
Number of updated asset objects reloaded before import = 0
Number of asset objects unloaded after import = 8
========================================================================
Received Import Request.
  Time since last request: 0.000028 seconds.
  path: Assets/BrokenVector/LowPolyStoragePack/Prefabs/Locker.prefab
  artifactKey: Guid(5ac3edd53f963024ebc36254c7e55dee) Importer(815301076,1909f56bfc062723c751e8b465ee728b)
Start importing Assets/BrokenVector/LowPolyStoragePack/Prefabs/Locker.prefab using Guid(5ac3edd53f963024ebc36254c7e55dee) Importer(815301076,1909f56bfc062723c751e8b465ee728b)  -> (artifact id: 'dde0995ab2e160648a1aa846b659b9fa') in 0.017498 seconds
Number of updated asset objects reloaded before import = 0
Number of asset objects unloaded after import = 10
========================================================================
Received Import Request.
  Time since last request: 0.000036 seconds.
  path: Assets/BrokenVector/LowPolyStoragePack/Prefabs/Suitcase_02_Red.prefab
  artifactKey: Guid(e1cac1d627db5b34fa00d9a05bfa4729) Importer(815301076,1909f56bfc062723c751e8b465ee728b)
Start importing Assets/BrokenVector/LowPolyStoragePack/Prefabs/Suitcase_02_Red.prefab using Guid(e1cac1d627db5b34fa00d9a05bfa4729) Importer(815301076,1909f56bfc062723c751e8b465ee728b)  -> (artifact id: '2777a4feb80e67ece91a727d21dbdc7a') in 0.018275 seconds
Number of updated asset objects reloaded before import = 0
Number of asset objects unloaded after import = 10
========================================================================
Received Import Request.
  Time since last request: 0.000027 seconds.
  path: Assets/_GameDesignTifa/Prefabs/GreenStorageRack.prefab
  artifactKey: Guid(b540c204a2e5396418ded26e08f5f61e) Importer(815301076,1909f56bfc062723c751e8b465ee728b)
Start importing Assets/_GameDesignTifa/Prefabs/GreenStorageRack.prefab using Guid(b540c204a2e5396418ded26e08f5f61e) Importer(815301076,1909f56bfc062723c751e8b465ee728b)  -> (artifact id: '6937e035ded00d7461a1a3cc33d1f027') in 0.036356 seconds
Number of updated asset objects reloaded before import = 0
Number of asset objects unloaded after import = 80
========================================================================
Received Import Request.
  Time since last request: 0.000030 seconds.
  path: Assets/Food_FREE/Meshes/sausages_001.fbx
  artifactKey: Guid(1a8ac2d74773764459a79d717ae3ab9f) Importer(815301076,1909f56bfc062723c751e8b465ee728b)
Start importing Assets/Food_FREE/Meshes/sausages_001.fbx using Guid(1a8ac2d74773764459a79d717ae3ab9f) Importer(815301076,1909f56bfc062723c751e8b465ee728b)  -> (artifact id: '3c9f23651f62b356a9e4e41eb52559f3') in 0.024372 seconds
Number of updated asset objects reloaded before import = 0
Number of asset objects unloaded after import = 7
========================================================================
Received Import Request.
  Time since last request: 6.825182 seconds.
  path: Assets/_GameDesignTifa/Prefabs/White Shelf.prefab
  artifactKey: Guid(d28097837b8ec4648840424da8f74944) Importer(815301076,1909f56bfc062723c751e8b465ee728b)
Start importing Assets/_GameDesignTifa/Prefabs/White Shelf.prefab using Guid(d28097837b8ec4648840424da8f74944) Importer(815301076,1909f56bfc062723c751e8b465ee728b)  -> (artifact id: 'fc6a92e1eb32b72dab65b406a4820aa6') in 0.027667 seconds
Number of updated asset objects reloaded before import = 0
Number of asset objects unloaded after import = 81
========================================================================
Received Import Request.
  Time since last request: 0.000028 seconds.
  path: Assets/_GameDesignTifa/Prefabs/WhiteStorageRack.prefab
  artifactKey: Guid(8573f8bf9d428d64fbe4a5ff71121d82) Importer(815301076,1909f56bfc062723c751e8b465ee728b)
Start importing Assets/_GameDesignTifa/Prefabs/WhiteStorageRack.prefab using Guid(8573f8bf9d428d64fbe4a5ff71121d82) Importer(815301076,1909f56bfc062723c751e8b465ee728b)  -> (artifact id: 'bae2021665502afe13dae8a976a60d09') in 0.043628 seconds
Number of updated asset objects reloaded before import = 0
Number of asset objects unloaded after import = 81
========================================================================
Received Import Request.
  Time since last request: 42.049794 seconds.
  path: Assets/_GameDesignTifa/FBX/Map/Floor.fbx
  artifactKey: Guid(b5b0162c25084da499bb1e795404bf84) Importer(815301076,1909f56bfc062723c751e8b465ee728b)
Start importing Assets/_GameDesignTifa/FBX/Map/Floor.fbx using Guid(b5b0162c25084da499bb1e795404bf84) Importer(815301076,1909f56bfc062723c751e8b465ee728b)  -> (artifact id: '1e570abb69aa23cad1598f9e386f0579') in 0.310980 seconds
Number of updated asset objects reloaded before import = 0
Number of asset objects unloaded after import = 8
========================================================================
Received Import Request.
  Time since last request: 0.000033 seconds.
  path: Assets/BrokenVector/LowPolyStoragePack/Models/AmpRack_01.dae
  artifactKey: Guid(7b7512508ff7ea348a9e143ad109ed99) Importer(815301076,1909f56bfc062723c751e8b465ee728b)
Start importing Assets/BrokenVector/LowPolyStoragePack/Models/AmpRack_01.dae using Guid(7b7512508ff7ea348a9e143ad109ed99) Importer(815301076,1909f56bfc062723c751e8b465ee728b)  -> (artifact id: '6c95155e3321174d61bbb66a00b325c1') in 0.026350 seconds
Number of updated asset objects reloaded before import = 0
Number of asset objects unloaded after import = 8
========================================================================
Received Import Request.
  Time since last request: 0.000063 seconds.
  path: Assets/BrokenVector/LowPolyStoragePack/Models/Giftbox_01.dae
  artifactKey: Guid(601dc9ecbb324ed488aeceaf99509326) Importer(815301076,1909f56bfc062723c751e8b465ee728b)
Start importing Assets/BrokenVector/LowPolyStoragePack/Models/Giftbox_01.dae using Guid(601dc9ecbb324ed488aeceaf99509326) Importer(815301076,1909f56bfc062723c751e8b465ee728b)  -> (artifact id: 'a8a12a437c9321c35df910d7493e808e') in 0.022966 seconds
Number of updated asset objects reloaded before import = 0
Number of asset objects unloaded after import = 8
========================================================================
Received Import Request.
  Time since last request: 0.000025 seconds.
  path: Assets/_GameDesignTifa/FBX/Map/Wall4.fbx
  artifactKey: Guid(80bb1802c8368b54286765f88bf0bc88) Importer(815301076,1909f56bfc062723c751e8b465ee728b)
Start importing Assets/_GameDesignTifa/FBX/Map/Wall4.fbx using Guid(80bb1802c8368b54286765f88bf0bc88) Importer(815301076,1909f56bfc062723c751e8b465ee728b)  -> (artifact id: 'cb492aa2ccc3e34ae3553271f63bf222') in 0.032458 seconds
Number of updated asset objects reloaded before import = 0
Number of asset objects unloaded after import = 11
========================================================================
Received Import Request.
  Time since last request: 0.000036 seconds.
  path: Assets/BrokenVector/LowPolyStoragePack/Models/AmpRack_02.dae
  artifactKey: Guid(d31353d1f3002254bb9c6dccb795b548) Importer(815301076,1909f56bfc062723c751e8b465ee728b)
Start importing Assets/BrokenVector/LowPolyStoragePack/Models/AmpRack_02.dae using Guid(d31353d1f3002254bb9c6dccb795b548) Importer(815301076,1909f56bfc062723c751e8b465ee728b)  -> (artifact id: '4eae808283d7f7386a74881464782b25') in 0.025484 seconds
Number of updated asset objects reloaded before import = 0
Number of asset objects unloaded after import = 8
========================================================================
Received Import Request.
  Time since last request: 0.000019 seconds.
  path: Assets/BrokenVector/LowPolyStoragePack/Models/Trashcan_02.dae
  artifactKey: Guid(89c2d85839a02134e8c7081446ea0944) Importer(815301076,1909f56bfc062723c751e8b465ee728b)
Start importing Assets/BrokenVector/LowPolyStoragePack/Models/Trashcan_02.dae using Guid(89c2d85839a02134e8c7081446ea0944) Importer(815301076,1909f56bfc062723c751e8b465ee728b)  -> (artifact id: '664724c7bac786e1f3c408d89756ea45') in 0.022151 seconds
Number of updated asset objects reloaded before import = 0
Number of asset objects unloaded after import = 8
========================================================================
Received Import Request.
  Time since last request: 5.271214 seconds.
  path: Assets/_GameDesignTifa/FBX/Map/Corner3.fbx
  artifactKey: Guid(e1e4fd2066a396e499b775875e0e2efb) Importer(815301076,1909f56bfc062723c751e8b465ee728b)
Start importing Assets/_GameDesignTifa/FBX/Map/Corner3.fbx using Guid(e1e4fd2066a396e499b775875e0e2efb) Importer(815301076,1909f56bfc062723c751e8b465ee728b)  -> (artifact id: '46d9e3fe201c491dc437b90c372a8875') in 0.035944 seconds
Number of updated asset objects reloaded before import = 0
Number of asset objects unloaded after import = 11
========================================================================
Received Import Request.
  Time since last request: 0.000036 seconds.
  path: Assets/_GameDesignTifa/FBX/Map/Glass.mat
  artifactKey: Guid(c0d3f274ab753b04b93daab1038b4611) Importer(815301076,1909f56bfc062723c751e8b465ee728b)
Start importing Assets/_GameDesignTifa/FBX/Map/Glass.mat using Guid(c0d3f274ab753b04b93daab1038b4611) Importer(815301076,1909f56bfc062723c751e8b465ee728b)  -> (artifact id: '0e34043d0a8615dc45e5065dff8e1ff7') in 0.372944 seconds
Number of updated asset objects reloaded before import = 0
Number of asset objects unloaded after import = 1
Editor requested this worker to shutdown with reason: Scaling down because of idle timeout
TcpMessagingSession - receive error: operation aborted. errorcode: 995, details: The I/O operation has been aborted because of either a thread exit or an application request.
AssetImportWorker is now disconnected from the server
Process exiting
Exiting without the bug reporter. Application will terminate with return code 0