Using pre-set license
Built from '2022.3/staging' branch; Version is '2022.3.19f1 (244b723c30a6) revision 2378610'; Using compiler version '192829333'; Build Type 'Release'
OS: 'Windows 11  (10.0.22621) 64bit Core' Language: 'en' Physical Memory: 15731 MB
BatchMode: 1, IsHumanControllingUs: 0, StartBugReporterOnCrash: 0, Is64bit: 1, IsPro: 1

COMMAND LINE ARGUMENTS:
C:\Program Files\Unity\Hub\Editor\2022.3.19f1\Editor\Unity.exe
-adb2
-batchMode
-noUpm
-name
AssetImportWorker2
-projectPath
C:/Users/gvina/OneDrive/Documents/GameDesignTifa/GameDesignTifa/GameDesignTifa
-logFile
Logs/AssetImportWorker2.log
-srvPort
63533
Successfully changed project path to: C:/Users/gvina/OneDrive/Documents/GameDesignTifa/GameDesignTifa/GameDesignTifa
C:/Users/gvina/OneDrive/Documents/GameDesignTifa/GameDesignTifa/GameDesignTifa
[UnityMemory] Configuration Parameters - Can be set up in boot.config
    "memorysetup-bucket-allocator-granularity=16"
    "memorysetup-bucket-allocator-bucket-count=8"
    "memorysetup-bucket-allocator-block-size=33554432"
    "memorysetup-bucket-allocator-block-count=8"
    "memorysetup-main-allocator-block-size=16777216"
    "memorysetup-thread-allocator-block-size=16777216"
    "memorysetup-gfx-main-allocator-block-size=16777216"
    "memorysetup-gfx-thread-allocator-block-size=16777216"
    "memorysetup-cache-allocator-block-size=4194304"
    "memorysetup-typetree-allocator-block-size=2097152"
    "memorysetup-profiler-bucket-allocator-granularity=16"
    "memorysetup-profiler-bucket-allocator-bucket-count=8"
    "memorysetup-profiler-bucket-allocator-block-size=33554432"
    "memorysetup-profiler-bucket-allocator-block-count=8"
    "memorysetup-profiler-allocator-block-size=16777216"
    "memorysetup-profiler-editor-allocator-block-size=1048576"
    "memorysetup-temp-allocator-size-main=16777216"
    "memorysetup-job-temp-allocator-block-size=2097152"
    "memorysetup-job-temp-allocator-block-size-background=1048576"
    "memorysetup-job-temp-allocator-reduction-small-platforms=262144"
    "memorysetup-allocator-temp-initial-block-size-main=262144"
    "memorysetup-allocator-temp-initial-block-size-worker=262144"
    "memorysetup-temp-allocator-size-background-worker=32768"
    "memorysetup-temp-allocator-size-job-worker=262144"
    "memorysetup-temp-allocator-size-preload-manager=33554432"
    "memorysetup-temp-allocator-size-nav-mesh-worker=65536"
    "memorysetup-temp-allocator-size-audio-worker=65536"
    "memorysetup-temp-allocator-size-cloud-worker=32768"
    "memorysetup-temp-allocator-size-gi-baking-worker=262144"
    "memorysetup-temp-allocator-size-gfx=262144"
Player connection [30164] Host "[IP] 192.168.56.1 [Port] 0 [Flags] 2 [Guid] 3658760423 [EditorId] 3658760423 [Version] 1048832 [Id] WindowsEditor(7,GavinLaptop) [Debug] 1 [PackageName] WindowsEditor [ProjectName] Editor" joined multi-casting on [225.0.0.222:54997]...

Player connection [30164] Host "[IP] 192.168.56.1 [Port] 0 [Flags] 2 [Guid] 3658760423 [EditorId] 3658760423 [Version] 1048832 [Id] WindowsEditor(7,GavinLaptop) [Debug] 1 [PackageName] WindowsEditor [ProjectName] Editor" joined alternative multi-casting on [225.0.0.222:34997]...

[Physics::Module] Initialized MultithreadedJobDispatcher with 15 workers.
Refreshing native plugins compatible for Editor in 13.80 ms, found 3 plugins.
Preloading 0 native plugins for Editor in 0.00 ms.
Initialize engine version: 2022.3.19f1 (244b723c30a6)
[Subsystems] Discovering subsystems at path C:/Program Files/Unity/Hub/Editor/2022.3.19f1/Editor/Data/Resources/UnitySubsystems
[Subsystems] Discovering subsystems at path C:/Users/gvina/OneDrive/Documents/GameDesignTifa/GameDesignTifa/GameDesignTifa/Assets
GfxDevice: creating device client; threaded=0; jobified=0
Direct3D:
    Version:  Direct3D 11.0 [level 11.1]
    Renderer: NVIDIA GeForce GTX 1660 Ti (ID=0x2191)
    Vendor:   NVIDIA
    VRAM:     5966 MB
    Driver:   31.0.15.5123
Initialize mono
Mono path[0] = 'C:/Program Files/Unity/Hub/Editor/2022.3.19f1/Editor/Data/Managed'
Mono path[1] = 'C:/Program Files/Unity/Hub/Editor/2022.3.19f1/Editor/Data/MonoBleedingEdge/lib/mono/unityjit-win32'
Mono config path = 'C:/Program Files/Unity/Hub/Editor/2022.3.19f1/Editor/Data/MonoBleedingEdge/etc'
Using monoOptions --debugger-agent=transport=dt_socket,embedding=1,server=y,suspend=n,address=127.0.0.1:56788
Begin MonoManager ReloadAssembly
Registering precompiled unity dll's ...
Register platform support module: C:/Program Files/Unity/Hub/Editor/2022.3.19f1/Editor/Data/PlaybackEngines/WebGLSupport/UnityEditor.WebGL.Extensions.dll
Register platform support module: C:/Program Files/Unity/Hub/Editor/2022.3.19f1/Editor/Data/PlaybackEngines/AndroidPlayer/UnityEditor.Android.Extensions.dll
Register platform support module: C:/Program Files/Unity/Hub/Editor/2022.3.19f1/Editor/Data/PlaybackEngines/WindowsStandaloneSupport/UnityEditor.WindowsStandalone.Extensions.dll
Registered in 0.015543 seconds.
- Loaded All Assemblies, in  0.593 seconds
Native extension for WindowsStandalone target not found
Native extension for Android target not found
Android Extension - Scanning For ADB Devices 471 ms
Native extension for WebGL target not found
Mono: successfully reloaded assembly
- Finished resetting the current domain, in  1.035 seconds
Domain Reload Profiling: 1626ms
	BeginReloadAssembly (169ms)
		ExecutionOrderSort (0ms)
		DisableScriptedObjects (0ms)
		BackupInstance (0ms)
		ReleaseScriptingObjects (0ms)
		CreateAndSetChildDomain (1ms)
	RebuildCommonClasses (56ms)
	RebuildNativeTypeToScriptingClass (17ms)
	initialDomainReloadingComplete (94ms)
	LoadAllAssembliesAndSetupDomain (254ms)
		LoadAssemblies (166ms)
		RebuildTransferFunctionScriptingTraits (0ms)
		AnalyzeDomain (250ms)
			TypeCache.Refresh (249ms)
				TypeCache.ScanAssembly (229ms)
			ScanForSourceGeneratedMonoScriptInfo (1ms)
			ResolveRequiredComponents (1ms)
	FinalizeReload (1036ms)
		ReleaseScriptCaches (0ms)
		RebuildScriptCaches (0ms)
		SetupLoadedEditorAssemblies (939ms)
			LogAssemblyErrors (0ms)
			InitializePlatformSupportModulesInManaged (681ms)
			SetLoadedEditorAssemblies (8ms)
			RefreshPlugins (0ms)
			BeforeProcessingInitializeOnLoad (3ms)
			ProcessInitializeOnLoadAttributes (175ms)
			ProcessInitializeOnLoadMethodAttributes (72ms)
			AfterProcessingInitializeOnLoad (0ms)
			EditorAssembliesLoaded (0ms)
		ExecutionOrderSort2 (0ms)
		AwakeInstancesAfterBackupRestoration (0ms)
========================================================================
Worker process is ready to serve import requests
Begin MonoManager ReloadAssembly
- Loaded All Assemblies, in  1.043 seconds
Refreshing native plugins compatible for Editor in 5.89 ms, found 3 plugins.
Native extension for WindowsStandalone target not found
Native extension for Android target not found
Native extension for WebGL target not found
Package Manager log level set to [2]
[Package Manager] Server::EnsureServerProcessIsRunning -- launch failed, reason: Unity was launched with the -noUpm command-line argument
[Package Manager] UpmClient::Send -- Unable to send message (not connected to UPM process).
[Package Manager] Cannot connect to Unity Package Manager local server
Mono: successfully reloaded assembly
- Finished resetting the current domain, in  1.252 seconds
Domain Reload Profiling: 2290ms
	BeginReloadAssembly (237ms)
		ExecutionOrderSort (0ms)
		DisableScriptedObjects (8ms)
		BackupInstance (0ms)
		ReleaseScriptingObjects (0ms)
		CreateAndSetChildDomain (34ms)
	RebuildCommonClasses (53ms)
	RebuildNativeTypeToScriptingClass (18ms)
	initialDomainReloadingComplete (72ms)
	LoadAllAssembliesAndSetupDomain (657ms)
		LoadAssemblies (451ms)
		RebuildTransferFunctionScriptingTraits (0ms)
		AnalyzeDomain (342ms)
			TypeCache.Refresh (307ms)
				TypeCache.ScanAssembly (284ms)
			ScanForSourceGeneratedMonoScriptInfo (24ms)
			ResolveRequiredComponents (10ms)
	FinalizeReload (1253ms)
		ReleaseScriptCaches (0ms)
		RebuildScriptCaches (0ms)
		SetupLoadedEditorAssemblies (990ms)
			LogAssemblyErrors (0ms)
			InitializePlatformSupportModulesInManaged (41ms)
			SetLoadedEditorAssemblies (7ms)
			RefreshPlugins (0ms)
			BeforeProcessingInitializeOnLoad (100ms)
			ProcessInitializeOnLoadAttributes (793ms)
			ProcessInitializeOnLoadMethodAttributes (37ms)
			AfterProcessingInitializeOnLoad (11ms)
			EditorAssembliesLoaded (0ms)
		ExecutionOrderSort2 (0ms)
		AwakeInstancesAfterBackupRestoration (10ms)
Launched and connected shader compiler UnityShaderCompiler.exe after 0.07 seconds
Refreshing native plugins compatible for Editor in 5.95 ms, found 3 plugins.
Preloading 0 native plugins for Editor in 0.00 ms.
Unloading 3204 Unused Serialized files (Serialized files now loaded: 0)
Unloading 32 unused Assets / (57.5 KB). Loaded Objects now: 3671.
Memory consumption went from 135.6 MB to 135.5 MB.
Total: 6.075800 ms (FindLiveObjects: 0.434500 ms CreateObjectMapping: 0.146500 ms MarkObjects: 5.345500 ms  DeleteObjects: 0.147600 ms)

AssetImportParameters requested are different than current active one (requested -> active):
  custom:container-demuxer-ogg: 62fdf1f143b41e24485cea50d1cbac27 -> 
  custom:video-codec-MediaFoundation-h265: 746d11721c4dcdbdad8f713fa42b33f4 -> 
  custom:video-decoder-ogg-theora: a1e56fd34408186e4bbccfd4996cb3dc -> 
  custom:framework-win-MediaFoundation: 216162199b28c13a410421893ffa2e32 -> 
  custom:CustomObjectIndexerAttribute: 6d391050e5a25f67b0a2c618074f2cd9 -> 
  custom:container-demuxer-webm: 4f35f7cbe854078d1ac9338744f61a02 -> 
  custom:container-muxer-webm: aa71ff27fc2769a1b78a27578f13a17b -> 
  custom:video-decoder-webm-vp8: 9c59270c3fd7afecdb556c50c9e8de78 -> 
  custom:SearchIndexIgnoredProperties: e643bd26f0fe6173181afceb89e7c659 -> 
  custom:AudioImporter_EditorPlatform: d09bf68614088b80899f8185d706f6e7 -> 
  custom:video-encoder-webm-vp8: eb34c28f22e8b96e1ab97ce403110664 -> 
  custom:audio-decoder-ogg-vorbis: bf7c407c2cedff20999df2af8eb42d56 -> 
  custom:audio-encoder-webm-vorbis: bf7c407c2cedff20999df2af8eb42d56 -> 
========================================================================
Received Import Request.
  Time since last request: 58450.654646 seconds.
  path: Assets/BrokenVector/LowPolyStoragePack/Prefabs/Giftbox_03_Red.prefab
  artifactKey: Guid(35380f0d2bbbc714691343711ab2194d) Importer(815301076,1909f56bfc062723c751e8b465ee728b)
Start importing Assets/BrokenVector/LowPolyStoragePack/Prefabs/Giftbox_03_Red.prefab using Guid(35380f0d2bbbc714691343711ab2194d) Importer(815301076,1909f56bfc062723c751e8b465ee728b)  -> (artifact id: '0eaecf38e863c664659b1461ad31faf8') in 0.427644 seconds
Number of updated asset objects reloaded before import = 0
Number of asset objects unloaded after import = 10
========================================================================
Received Import Request.
  Time since last request: 0.000037 seconds.
  path: Assets/Food_FREE/Meshes/sandwich_001.fbx
  artifactKey: Guid(8ee5b8ec18f4a1c41b3c9c20412d6670) Importer(815301076,1909f56bfc062723c751e8b465ee728b)
Start importing Assets/Food_FREE/Meshes/sandwich_001.fbx using Guid(8ee5b8ec18f4a1c41b3c9c20412d6670) Importer(815301076,1909f56bfc062723c751e8b465ee728b)  -> (artifact id: 'a3cdd8adb4bbcf477c8e5c56b1ad13b8') in 0.191101 seconds
Number of updated asset objects reloaded before import = 0
Number of asset objects unloaded after import = 7
========================================================================
Received Import Request.
  Time since last request: 0.000034 seconds.
  path: Assets/_GameDesignTifa/FBX/Map/Main Lobby.prefab
  artifactKey: Guid(9a2b5453fc40d394da4cf06867852734) Importer(815301076,1909f56bfc062723c751e8b465ee728b)
Start importing Assets/_GameDesignTifa/FBX/Map/Main Lobby.prefab using Guid(9a2b5453fc40d394da4cf06867852734) Importer(815301076,1909f56bfc062723c751e8b465ee728b)  -> (artifact id: '87c59436f0c4bf21fe400882ac616d40') in 0.004423 seconds
Number of updated asset objects reloaded before import = 0
Number of asset objects unloaded after import = 15
========================================================================
Received Import Request.
  Time since last request: 0.000017 seconds.
  path: Assets/BrokenVector/LowPolyStoragePack/Models/StorageRack_01.dae
  artifactKey: Guid(cc04a9baa919bfe47af3b3cfc2bf1975) Importer(815301076,1909f56bfc062723c751e8b465ee728b)
Start importing Assets/BrokenVector/LowPolyStoragePack/Models/StorageRack_01.dae using Guid(cc04a9baa919bfe47af3b3cfc2bf1975) Importer(815301076,1909f56bfc062723c751e8b465ee728b)  -> (artifact id: '36565bbac7f5d21a8ebc3c389d833bbe') in 0.027718 seconds
Number of updated asset objects reloaded before import = 0
Number of asset objects unloaded after import = 8
========================================================================
Received Import Request.
  Time since last request: 0.000026 seconds.
  path: Assets/Food_FREE/Prefabs/ice_cream_dish_001.prefab
  artifactKey: Guid(22f70e163a75b0643b7e1dfc8599f1a5) Importer(815301076,1909f56bfc062723c751e8b465ee728b)
Start importing Assets/Food_FREE/Prefabs/ice_cream_dish_001.prefab using Guid(22f70e163a75b0643b7e1dfc8599f1a5) Importer(815301076,1909f56bfc062723c751e8b465ee728b)  -> (artifact id: '0c2b8918c7a936f6676501f6557bbd2d') in 0.026259 seconds
Number of updated asset objects reloaded before import = 0
Number of asset objects unloaded after import = 16
========================================================================
Received Import Request.
  Time since last request: 0.000050 seconds.
  path: Assets/BrokenVector/LowPolyStoragePack/Prefabs/Giftbox_03_Yellow.prefab
  artifactKey: Guid(a950da56b2e37e74a881eb9cd2ce72cb) Importer(815301076,1909f56bfc062723c751e8b465ee728b)
Start importing Assets/BrokenVector/LowPolyStoragePack/Prefabs/Giftbox_03_Yellow.prefab using Guid(a950da56b2e37e74a881eb9cd2ce72cb) Importer(815301076,1909f56bfc062723c751e8b465ee728b)  -> (artifact id: '2578990281f307d9ed0888d90c8396e2') in 0.024093 seconds
Number of updated asset objects reloaded before import = 0
Number of asset objects unloaded after import = 10
========================================================================
Received Import Request.
  Time since last request: 0.000025 seconds.
  path: Assets/BrokenVector/LowPolyStoragePack/Prefabs/Giftbox_03_Purple.prefab
  artifactKey: Guid(392154adf107eaf47b51a9416a75bcee) Importer(815301076,1909f56bfc062723c751e8b465ee728b)
Start importing Assets/BrokenVector/LowPolyStoragePack/Prefabs/Giftbox_03_Purple.prefab using Guid(392154adf107eaf47b51a9416a75bcee) Importer(815301076,1909f56bfc062723c751e8b465ee728b)  -> (artifact id: 'beb6b7b0f2cc3b5b9b2f5c3820439325') in 0.019941 seconds
Number of updated asset objects reloaded before import = 0
Number of asset objects unloaded after import = 10
========================================================================
Received Import Request.
  Time since last request: 0.000027 seconds.
  path: Assets/Food_FREE/Meshes/peach_001.fbx
  artifactKey: Guid(63e79004a1b1cbb4ca1a221e8c7d3694) Importer(815301076,1909f56bfc062723c751e8b465ee728b)
Start importing Assets/Food_FREE/Meshes/peach_001.fbx using Guid(63e79004a1b1cbb4ca1a221e8c7d3694) Importer(815301076,1909f56bfc062723c751e8b465ee728b)  -> (artifact id: 'fe3bbe7c1341648b9b8e1a510543de79') in 0.036764 seconds
Number of updated asset objects reloaded before import = 0
Number of asset objects unloaded after import = 7
========================================================================
Received Import Request.
  Time since last request: 0.000030 seconds.
  path: Assets/BrokenVector/LowPolyStoragePack/Models/Locker.dae
  artifactKey: Guid(2d260eb281c666c428d94133569434d4) Importer(815301076,1909f56bfc062723c751e8b465ee728b)
Start importing Assets/BrokenVector/LowPolyStoragePack/Models/Locker.dae using Guid(2d260eb281c666c428d94133569434d4) Importer(815301076,1909f56bfc062723c751e8b465ee728b)  -> (artifact id: '3ad8e15f5defb96736bb334826acbe49') in 0.025603 seconds
Number of updated asset objects reloaded before import = 0
Number of asset objects unloaded after import = 8
========================================================================
Received Import Request.
  Time since last request: 0.000023 seconds.
  path: Assets/BrokenVector/LowPolyStoragePack/Models/Suitcase_02.dae
  artifactKey: Guid(e63b8c6b9fc029b4aa263a770e49bf72) Importer(815301076,1909f56bfc062723c751e8b465ee728b)
Start importing Assets/BrokenVector/LowPolyStoragePack/Models/Suitcase_02.dae using Guid(e63b8c6b9fc029b4aa263a770e49bf72) Importer(815301076,1909f56bfc062723c751e8b465ee728b)  -> (artifact id: '77f1f6031f1e7890a6f1108be60e8a2e') in 0.025222 seconds
Number of updated asset objects reloaded before import = 0
Number of asset objects unloaded after import = 8
========================================================================
Received Import Request.
  Time since last request: 0.000020 seconds.
  path: Assets/BrokenVector/LowPolyStoragePack/Prefabs/Suitcase_01_Purple.prefab
  artifactKey: Guid(19f4c7cc361201e4586f726d42b19251) Importer(815301076,1909f56bfc062723c751e8b465ee728b)
Start importing Assets/BrokenVector/LowPolyStoragePack/Prefabs/Suitcase_01_Purple.prefab using Guid(19f4c7cc361201e4586f726d42b19251) Importer(815301076,1909f56bfc062723c751e8b465ee728b)  -> (artifact id: '4ff805de972ea98ad88f3d2dd976acfe') in 0.018199 seconds
Number of updated asset objects reloaded before import = 0
Number of asset objects unloaded after import = 10
========================================================================
Received Import Request.
  Time since last request: 0.000027 seconds.
  path: Assets/BrokenVector/LowPolyStoragePack/Models/Suitcase_01.dae
  artifactKey: Guid(0ea575825eb921d459f33d8288f64917) Importer(815301076,1909f56bfc062723c751e8b465ee728b)
Start importing Assets/BrokenVector/LowPolyStoragePack/Models/Suitcase_01.dae using Guid(0ea575825eb921d459f33d8288f64917) Importer(815301076,1909f56bfc062723c751e8b465ee728b)  -> (artifact id: '1b931e6c5eacbf7ff13624d05a50ae1e') in 0.038521 seconds
Number of updated asset objects reloaded before import = 0
Number of asset objects unloaded after import = 8
========================================================================
Received Import Request.
  Time since last request: 0.000023 seconds.
  path: Assets/Food_FREE/Prefabs/Plate_001.prefab
  artifactKey: Guid(4a4c3090dafff744191822abad106463) Importer(815301076,1909f56bfc062723c751e8b465ee728b)
Start importing Assets/Food_FREE/Prefabs/Plate_001.prefab using Guid(4a4c3090dafff744191822abad106463) Importer(815301076,1909f56bfc062723c751e8b465ee728b)  -> (artifact id: 'd5270ceae341a3b9a385ea759f53d203') in 0.020797 seconds
Number of updated asset objects reloaded before import = 0
Number of asset objects unloaded after import = 16
========================================================================
Received Import Request.
  Time since last request: 5.799010 seconds.
  path: Assets/_GameDesignTifa/Music/Button Press Sound Effect.mp3
  artifactKey: Guid(63073a3587bb70a4bbeddfab03e2b3bf) Importer(815301076,1909f56bfc062723c751e8b465ee728b)
Start importing Assets/_GameDesignTifa/Music/Button Press Sound Effect.mp3 using Guid(63073a3587bb70a4bbeddfab03e2b3bf) Importer(815301076,1909f56bfc062723c751e8b465ee728b)  -> (artifact id: 'd9d816b3d9e1ea5d63f2c6fe3677baa7') in 0.048141 seconds
Number of updated asset objects reloaded before import = 0
Number of asset objects unloaded after import = 2
========================================================================
Received Import Request.
  Time since last request: 0.979884 seconds.
  path: Assets/_GameDesignTifa/Prefabs/Blue Shelf.prefab
  artifactKey: Guid(702a93acf0116c04591148df625c4571) Importer(815301076,1909f56bfc062723c751e8b465ee728b)
Start importing Assets/_GameDesignTifa/Prefabs/Blue Shelf.prefab using Guid(702a93acf0116c04591148df625c4571) Importer(815301076,1909f56bfc062723c751e8b465ee728b)  -> (artifact id: '9d4b3af477df5e0c274600abc86b8ee0') in 0.058717 seconds
Number of updated asset objects reloaded before import = 0
Number of asset objects unloaded after import = 81
========================================================================
Received Import Request.
  Time since last request: 32.176864 seconds.
  path: Assets/_GameDesignTifa/Prefabs/Register.prefab
  artifactKey: Guid(f9dff8e50acea41408682305df8661ce) Importer(815301076,1909f56bfc062723c751e8b465ee728b)
Start importing Assets/_GameDesignTifa/Prefabs/Register.prefab using Guid(f9dff8e50acea41408682305df8661ce) Importer(815301076,1909f56bfc062723c751e8b465ee728b)  -> (artifact id: '4102276394226d426318a281a3bc4315') in 0.022160 seconds
Number of updated asset objects reloaded before import = 0
Number of asset objects unloaded after import = 24
========================================================================
Received Import Request.
  Time since last request: 9.862444 seconds.
  path: Assets/BrokenVector/LowPolyStoragePack/Models/ElectricBox_02.dae
  artifactKey: Guid(8b31306a55f55a443a1ae198d8098127) Importer(815301076,1909f56bfc062723c751e8b465ee728b)
Start importing Assets/BrokenVector/LowPolyStoragePack/Models/ElectricBox_02.dae using Guid(8b31306a55f55a443a1ae198d8098127) Importer(815301076,1909f56bfc062723c751e8b465ee728b)  -> (artifact id: '020c80328fb0df2508e806d0371ba59c') in 0.025457 seconds
Number of updated asset objects reloaded before import = 0
Number of asset objects unloaded after import = 8
========================================================================
Received Import Request.
  Time since last request: 0.000027 seconds.
  path: Assets/Food_FREE/Meshes/fork_001.fbx
  artifactKey: Guid(edecf380fec20c842b4edd08d5bec47a) Importer(815301076,1909f56bfc062723c751e8b465ee728b)
Start importing Assets/Food_FREE/Meshes/fork_001.fbx using Guid(edecf380fec20c842b4edd08d5bec47a) Importer(815301076,1909f56bfc062723c751e8b465ee728b)  -> (artifact id: 'b3ef7587b6608d3924d980f289f47bc7') in 0.027629 seconds
Number of updated asset objects reloaded before import = 0
Number of asset objects unloaded after import = 7
========================================================================
Received Import Request.
  Time since last request: 0.000021 seconds.
  path: Assets/BrokenVector/LowPolyStoragePack/Models/TreasureChest.dae
  artifactKey: Guid(f0ba207fffea77846a8a979cf75f36e6) Importer(815301076,1909f56bfc062723c751e8b465ee728b)
Start importing Assets/BrokenVector/LowPolyStoragePack/Models/TreasureChest.dae using Guid(f0ba207fffea77846a8a979cf75f36e6) Importer(815301076,1909f56bfc062723c751e8b465ee728b)  -> (artifact id: '64f62e89cb6c039ed0f8e46751fc4bdd') in 0.029308 seconds
Number of updated asset objects reloaded before import = 0
Number of asset objects unloaded after import = 8
========================================================================
Received Import Request.
  Time since last request: 0.000020 seconds.
  path: Assets/_GameDesignTifa/FBX/Map/Wall1.fbx
  artifactKey: Guid(fc84a47629a1809419450939248ba459) Importer(815301076,1909f56bfc062723c751e8b465ee728b)
Start importing Assets/_GameDesignTifa/FBX/Map/Wall1.fbx using Guid(fc84a47629a1809419450939248ba459) Importer(815301076,1909f56bfc062723c751e8b465ee728b)  -> (artifact id: '0de4828e636107e56d2073b9448e87d1') in 0.329361 seconds
Number of updated asset objects reloaded before import = 0
Number of asset objects unloaded after import = 11
========================================================================
Received Import Request.
  Time since last request: 0.000033 seconds.
  path: Assets/BrokenVector/LowPolyStoragePack/Models/Giftbox_02.dae
  artifactKey: Guid(ad0f380d466940048bdd16c9160d04aa) Importer(815301076,1909f56bfc062723c751e8b465ee728b)
Start importing Assets/BrokenVector/LowPolyStoragePack/Models/Giftbox_02.dae using Guid(ad0f380d466940048bdd16c9160d04aa) Importer(815301076,1909f56bfc062723c751e8b465ee728b)  -> (artifact id: '2c1ee2a6590430283cf0df25c26f0258') in 0.023313 seconds
Number of updated asset objects reloaded before import = 0
Number of asset objects unloaded after import = 8
========================================================================
Received Import Request.
  Time since last request: 5.276744 seconds.
  path: Assets/_GameDesignTifa/FBX/Map/BackWallDoor.fbx
  artifactKey: Guid(c4968f345a765b743b1950ad51a1e31e) Importer(815301076,1909f56bfc062723c751e8b465ee728b)
Start importing Assets/_GameDesignTifa/FBX/Map/BackWallDoor.fbx using Guid(c4968f345a765b743b1950ad51a1e31e) Importer(815301076,1909f56bfc062723c751e8b465ee728b)  -> (artifact id: '495566bddead147177f682f2984814ae') in 0.039360 seconds
Number of updated asset objects reloaded before import = 0
Number of asset objects unloaded after import = 11
========================================================================
Received Import Request.
  Time since last request: 0.000025 seconds.
  path: Assets/_GameDesignTifa/FBX/Map/CornerBackDoor.fbx
  artifactKey: Guid(51b302d826ac1e7448654fbe95c53a4f) Importer(815301076,1909f56bfc062723c751e8b465ee728b)
Start importing Assets/_GameDesignTifa/FBX/Map/CornerBackDoor.fbx using Guid(51b302d826ac1e7448654fbe95c53a4f) Importer(815301076,1909f56bfc062723c751e8b465ee728b)  -> (artifact id: 'c6a19a8d239852d06c42097cd479b1ff') in 0.032005 seconds
Number of updated asset objects reloaded before import = 0
Number of asset objects unloaded after import = 11
========================================================================
Received Import Request.
  Time since last request: 0.000037 seconds.
  path: Assets/_GameDesignTifa/FBX/Map/Corner4.fbx
  artifactKey: Guid(f06b599551184a04c9a65816f7a88d3b) Importer(815301076,1909f56bfc062723c751e8b465ee728b)
Start importing Assets/_GameDesignTifa/FBX/Map/Corner4.fbx using Guid(f06b599551184a04c9a65816f7a88d3b) Importer(815301076,1909f56bfc062723c751e8b465ee728b)  -> (artifact id: '53c21b96ce46bc3e1a1c6a28b4704e55') in 0.047357 seconds
Number of updated asset objects reloaded before import = 0
Number of asset objects unloaded after import = 11
========================================================================
Received Import Request.
  Time since last request: 0.000028 seconds.
  path: Assets/_GameDesignTifa/FBX/Map/CornerBackDoor2.fbx
  artifactKey: Guid(211c1e2ad707e0d4cbb5c976ed060ff8) Importer(815301076,1909f56bfc062723c751e8b465ee728b)
Start importing Assets/_GameDesignTifa/FBX/Map/CornerBackDoor2.fbx using Guid(211c1e2ad707e0d4cbb5c976ed060ff8) Importer(815301076,1909f56bfc062723c751e8b465ee728b)  -> (artifact id: '8e0bdb08998cb8a5d6954500fe07f5c9') in 0.037786 seconds
Number of updated asset objects reloaded before import = 0
Number of asset objects unloaded after import = 11
========================================================================
Received Import Request.
  Time since last request: 0.000045 seconds.
  path: Assets/_GameDesignTifa/FBX/Map/WhiteTile 1.asset
  artifactKey: Guid(fafe6fba7277f4d4ebaa71b86e7754f7) Importer(815301076,1909f56bfc062723c751e8b465ee728b)
Start importing Assets/_GameDesignTifa/FBX/Map/WhiteTile 1.asset using Guid(fafe6fba7277f4d4ebaa71b86e7754f7) Importer(815301076,1909f56bfc062723c751e8b465ee728b)  -> (artifact id: '09325d9e37abf546d7bc72d017f72d22') in 0.027558 seconds
Number of updated asset objects reloaded before import = 0
Number of asset objects unloaded after import = 3
========================================================================
Received Import Request.
  Time since last request: 0.000025 seconds.
  path: Assets/_GameDesignTifa/FBX/Map/Wall.mat
  artifactKey: Guid(d1a07fc7bca6f61429101ae7cb93bb47) Importer(815301076,1909f56bfc062723c751e8b465ee728b)
Start importing Assets/_GameDesignTifa/FBX/Map/Wall.mat using Guid(d1a07fc7bca6f61429101ae7cb93bb47) Importer(815301076,1909f56bfc062723c751e8b465ee728b)  -> (artifact id: '4b45a43db5595fd5439397cc02ba236a') in 0.039862 seconds
Number of updated asset objects reloaded before import = 0
Number of asset objects unloaded after import = 2
Editor requested this worker to shutdown with reason: Scaling down because of idle timeout
TcpMessagingSession - receive error: operation aborted. errorcode: 995, details: The I/O operation has been aborted because of either a thread exit or an application request.
AssetImportWorker is now disconnected from the server
Process exiting
Exiting without the bug reporter. Application will terminate with return code 0